# JRE version: Java(TM) SE Runtime Environment (8.0_112-b15) (build 1.8.0_112-b15)
# Java VM: Java HotSpot(TM) 64-Bit Server VM (25.112-b15 mixed mode linux-amd64 compressed oops)
Heap:
 PSYoungGen      total 3721216K, used 3690120K [0x0000000580100000, 0x0000000696f80000, 0x0000000800000000)
  eden space 3705344K, 99% used [0x0000000580100000,0x0000000660f62180,0x0000000662380000)
  from space 15872K, 33% used [0x0000000662380000,0x00000006628c0000,0x0000000663300000)
  to   space 14848K, 0% used [0x0000000696100000,0x0000000696100000,0x0000000696f80000)
 ParOldGen       total 608256K, used 21019K [0x0000000080200000, 0x00000000a5400000, 0x0000000580100000)
  object space 608256K, 3% used [0x0000000080200000,0x0000000081686d70,0x00000000a5400000)
 Metaspace       used 22927K, capacity 24094K, committed 24448K, reserved 1071104K
  class space    used 2567K, capacity 2845K, committed 2944K, reserved 1048576K
GC Heap History (10 events):
Event: 6,576 GC heap before
{Heap before GC invocations=10 (full 1):
 PSYoungGen      total 2341376K, used 2341376K [0x0000000580100000, 0x0000000611b00000, 0x0000000800000000)
  eden space 2335232K, 100% used [0x0000000580100000,0x000000060e980000,0x000000060e980000)
  from space 6144K, 100% used [0x0000000611500000,0x0000000611b00000,0x0000000611b00000)
  to   space 16896K, 0% used [0x000000060fa00000,0x000000060fa00000,0x0000000610a80000)
 ParOldGen       total 608256K, used 16051K [0x0000000080200000, 0x00000000a5400000, 0x0000000580100000)
  object space 608256K, 2% used [0x0000000080200000,0x00000000811acd70,0x00000000a5400000)
 Metaspace       used 22574K, capacity 23684K, committed 23936K, reserved 1071104K
  class space    used 2565K, capacity 2842K, committed 2944K, reserved 1048576K
Event: 6,580 GC heap after
Heap after GC invocations=10 (full 1):
 PSYoungGen      total 2369024K, used 3552K [0x0000000580100000, 0x0000000639f80000, 0x0000000800000000)
  eden space 2352128K, 0% used [0x0000000580100000,0x0000000580100000,0x000000060fa00000)
  from space 16896K, 21% used [0x000000060fa00000,0x000000060fd78000,0x0000000610a80000)
  to   space 16896K, 0% used [0x0000000638f00000,0x0000000638f00000,0x0000000639f80000)
 ParOldGen       total 608256K, used 19571K [0x0000000080200000, 0x00000000a5400000, 0x0000000580100000)
  object space 608256K, 3% used [0x0000000080200000,0x000000008151cd70,0x00000000a5400000)
 Metaspace       used 22574K, capacity 23684K, committed 23936K, reserved 1071104K
  class space    used 2565K, capacity 2842K, committed 2944K, reserved 1048576K
}
Event: 6,956 GC heap before
{Heap before GC invocations=11 (full 1):
 PSYoungGen      total 2369024K, used 2355680K [0x0000000580100000, 0x0000000639f80000, 0x0000000800000000)
  eden space 2352128K, 100% used [0x0000000580100000,0x000000060fa00000,0x000000060fa00000)
  from space 16896K, 21% used [0x000000060fa00000,0x000000060fd78000,0x0000000610a80000)
  to   space 16896K, 0% used [0x0000000638f00000,0x0000000638f00000,0x0000000639f80000)
 ParOldGen       total 608256K, used 19571K [0x0000000080200000, 0x00000000a5400000, 0x0000000580100000)
  object space 608256K, 3% used [0x0000000080200000,0x000000008151cd70,0x00000000a5400000)
 Metaspace       used 22703K, capacity 23876K, committed 24192K, reserved 1071104K
  class space    used 2565K, capacity 2842K, committed 2944K, reserved 1048576K
Event: 6,959 GC heap after
Heap after GC invocations=11 (full 1):
 PSYoungGen      total 2988544K, used 2464K [0x0000000580100000, 0x0000000639180000, 0x0000000800000000)
  eden space 2985984K, 0% used [0x0000000580100000,0x0000000580100000,0x0000000636500000)
  from space 2560K, 96% used [0x0000000638f00000,0x0000000639168000,0x0000000639180000)
  to   space 16896K, 0% used [0x0000000637080000,0x0000000637080000,0x0000000638100000)
 ParOldGen       total 608256K, used 20995K [0x0000000080200000, 0x00000000a5400000, 0x0000000580100000)
  object space 608256K, 3% used [0x0000000080200000,0x0000000081680d70,0x00000000a5400000)
 Metaspace       used 22703K, capacity 23876K, committed 24192K, reserved 1071104K
  class space    used 2565K, capacity 2842K, committed 2944K, reserved 1048576K
}
Event: 7,644 GC heap before
{Heap before GC invocations=12 (full 1):
 PSYoungGen      total 2988544K, used 2988448K [0x0000000580100000, 0x0000000639180000, 0x0000000800000000)
  eden space 2985984K, 100% used [0x0000000580100000,0x0000000636500000,0x0000000636500000)
  from space 2560K, 96% used [0x0000000638f00000,0x0000000639168000,0x0000000639180000)
  to   space 16896K, 0% used [0x0000000637080000,0x0000000637080000,0x0000000638100000)
 ParOldGen       total 608256K, used 20995K [0x0000000080200000, 0x00000000a5400000, 0x0000000580100000)
  object space 608256K, 3% used [0x0000000080200000,0x0000000081680d70,0x00000000a5400000)
 Metaspace       used 22779K, capacity 23876K, committed 24192K, reserved 1071104K
  class space    used 2566K, capacity 2842K, committed 2944K, reserved 1048576K
Event: 7,648 GC heap after
Heap after GC invocations=12 (full 1):
 PSYoungGen      total 3014656K, used 4352K [0x0000000580100000, 0x0000000664b80000, 0x0000000800000000)
  eden space 2997760K, 0% used [0x0000000580100000,0x0000000580100000,0x0000000637080000)
  from space 16896K, 25% used [0x0000000637080000,0x00000006374c0000,0x0000000638100000)
  to   space 16384K, 0% used [0x0000000663b80000,0x0000000663b80000,0x0000000664b80000)
 ParOldGen       total 608256K, used 21003K [0x0000000080200000, 0x00000000a5400000, 0x0000000580100000)
  object space 608256K, 3% used [0x0000000080200000,0x0000000081682d70,0x00000000a5400000)
 Metaspace       used 22779K, capacity 23876K, committed 24192K, reserved 1071104K
  class space    used 2566K, capacity 2842K, committed 2944K, reserved 1048576K
}
Event: 8,216 GC heap before
{Heap before GC invocations=13 (full 1):
 PSYoungGen      total 3014656K, used 3002112K [0x0000000580100000, 0x0000000664b80000, 0x0000000800000000)
  eden space 2997760K, 100% used [0x0000000580100000,0x0000000637080000,0x0000000637080000)
  from space 16896K, 25% used [0x0000000637080000,0x00000006374c0000,0x0000000638100000)
  to   space 16384K, 0% used [0x0000000663b80000,0x0000000663b80000,0x0000000664b80000)
 ParOldGen       total 608256K, used 21003K [0x0000000080200000, 0x00000000a5400000, 0x0000000580100000)
  object space 608256K, 3% used [0x0000000080200000,0x0000000081682d70,0x00000000a5400000)
 Metaspace       used 22829K, capacity 23954K, committed 24192K, reserved 1071104K
  class space    used 2566K, capacity 2843K, committed 2944K, reserved 1048576K
Event: 8,221 GC heap after
Heap after GC invocations=13 (full 1):
 PSYoungGen      total 3712512K, used 4544K [0x0000000580100000, 0x0000000664280000, 0x0000000800000000)
  eden space 3705344K, 0% used [0x0000000580100000,0x0000000580100000,0x0000000662380000)
  from space 7168K, 63% used [0x0000000663b80000,0x0000000663ff0000,0x0000000664280000)
  to   space 15872K, 0% used [0x0000000662380000,0x0000000662380000,0x0000000663300000)
 ParOldGen       total 608256K, used 21011K [0x0000000080200000, 0x00000000a5400000, 0x0000000580100000)
  object space 608256K, 3% used [0x0000000080200000,0x0000000081684d70,0x00000000a5400000)
 Metaspace       used 22829K, capacity 23954K, committed 24192K, reserved 1071104K
  class space    used 2566K, capacity 2843K, committed 2944K, reserved 1048576K
}
Event: 8,633 GC heap before
{Heap before GC invocations=14 (full 1):
 PSYoungGen      total 3712512K, used 3709888K [0x0000000580100000, 0x0000000664280000, 0x0000000800000000)
  eden space 3705344K, 100% used [0x0000000580100000,0x0000000662380000,0x0000000662380000)
  from space 7168K, 63% used [0x0000000663b80000,0x0000000663ff0000,0x0000000664280000)
  to   space 15872K, 0% used [0x0000000662380000,0x0000000662380000,0x0000000663300000)
 ParOldGen       total 608256K, used 21011K [0x0000000080200000, 0x00000000a5400000, 0x0000000580100000)
  object space 608256K, 3% used [0x0000000080200000,0x0000000081684d70,0x00000000a5400000)
 Metaspace       used 22888K, capacity 24082K, committed 24192K, reserved 1071104K
  class space    used 2566K, capacity 2843K, committed 2944K, reserved 1048576K
Event: 8,637 GC heap after
Heap after GC invocations=14 (full 1):
 PSYoungGen      total 3721216K, used 5376K [0x0000000580100000, 0x0000000696f80000, 0x0000000800000000)
  eden space 3705344K, 0% used [0x0000000580100000,0x0000000580100000,0x0000000662380000)
  from space 15872K, 33% used [0x0000000662380000,0x00000006628c0000,0x0000000663300000)
  to   space 14848K, 0% used [0x0000000696100000,0x0000000696100000,0x0000000696f80000)
 ParOldGen       total 608256K, used 21019K [0x0000000080200000, 0x00000000a5400000, 0x0000000580100000)
  object space 608256K, 3% used [0x0000000080200000,0x0000000081686d70,0x00000000a5400000)
 Metaspace       used 22888K, capacity 24082K, committed 24192K, reserved 1071104K
  class space    used 2566K, capacity 2843K, committed 2944K, reserved 1048576K
}

